<?xml version="1.0" encoding="UTF-8"?>
<!-- Generated by org.testng.reporters.JUnitReportReporter -->
<testsuite hostname="Vaibhav" failures="0" tests="1" name="practiceSelenium.Assignment5" time="11.300" errors="0" timestamp="2025-06-27T15:32:30 IST" skipped="0">
  <testcase classname="practiceSelenium.Assignment5" name="test5" time="11.300"/>
</testsuite> <!-- practiceSelenium.Assignment5 -->
