<?xml version="1.0" encoding="UTF-8"?>
<!-- Generated by org.testng.reporters.JUnitReportReporter -->
<testsuite hostname="Vaibhav" failures="0" tests="1" name="practiceSelenium.CheckboxSelection" time="18.795" errors="0" timestamp="2025-07-11T09:35:30 IST" skipped="0">
  <testcase classname="practiceSelenium.CheckboxSelection" name="checkboxselectionmethod" time="18.795"/>
  <system-out/>
</testsuite> <!-- practiceSelenium.CheckboxSelection -->
