<?xml version="1.0" encoding="UTF-8"?>
<!-- Generated by org.testng.reporters.JUnitReportReporter -->
<testsuite hostname="Vaibhav" failures="0" tests="1" name="practiceSelenium.Assignment1" time="14.794" errors="0" timestamp="2025-06-27T08:15:02 IST" skipped="0">
  <testcase classname="practiceSelenium.Assignment1" name="test1" time="14.794"/>
</testsuite> <!-- practiceSelenium.Assignment1 -->
