<?xml version="1.0" encoding="UTF-8"?>
<!-- Generated by org.testng.reporters.JUnitReportReporter -->
<testsuite hostname="Vaibhav" failures="0" tests="1" name="SeleniumPractice1.SeleniumPractice1.WebsiteLaunch" time="11.590" errors="0" timestamp="2025-06-23T16:43:52 IST" skipped="0">
  <testcase classname="SeleniumPractice1.SeleniumPractice1.WebsiteLaunch" name="websitelaunch" time="11.590"/>
</testsuite> <!-- SeleniumPractice1.SeleniumPractice1.WebsiteLaunch -->
