<?xml version="1.0" encoding="UTF-8"?>
<!-- Generated by org.testng.reporters.JUnitReportReporter -->
<testsuite hostname="Vaibhav" failures="0" tests="1" name="practiceSelenium.Assignment2" time="14.073" errors="0" timestamp="2025-06-27T09:58:36 IST" skipped="0">
  <testcase classname="practiceSelenium.Assignment2" name="test2" time="14.073"/>
</testsuite> <!-- practiceSelenium.Assignment2 -->
