<?xml version="1.0" encoding="UTF-8"?>
<!-- Generated by org.testng.reporters.JUnitReportReporter -->
<testsuite hostname="Vaibhav" failures="0" tests="1" name="practiceSelenium.frame" time="7.855" errors="0" timestamp="2025-07-21T20:00:23 IST" skipped="0">
  <testcase classname="practiceSelenium.frame" name="frameswitch" time="7.855"/>
  <system-out/>
</testsuite> <!-- practiceSelenium.frame -->
