<?xml version="1.0" encoding="UTF-8"?>
<!-- Generated by org.testng.reporters.JUnitReportReporter -->
<testsuite hostname="Vaibhav" failures="0" tests="1" name="practiceSelenium.ChkBoxSelectionInTable" time="9.179" errors="0" timestamp="2025-07-11T10:38:19 IST" skipped="0">
  <testcase classname="practiceSelenium.ChkBoxSelectionInTable" name="BoxSelectionInTable" time="9.179"/>
  <system-out/>
</testsuite> <!-- practiceSelenium.ChkBoxSelectionInTable -->
