<?xml version="1.0" encoding="UTF-8"?>
<!-- Generated by org.testng.reporters.JUnitReportReporter -->
<testsuite hostname="Vaibhav" failures="0" tests="1" name="practiceSelenium.JavaScriptAlerts" time="15.401" errors="0" timestamp="2025-07-11T10:57:35 IST" skipped="0">
  <testcase classname="practiceSelenium.JavaScriptAlerts" name="alertPractice" time="15.401"/>
  <system-out/>
</testsuite> <!-- practiceSelenium.JavaScriptAlerts -->
