<?xml version="1.0" encoding="UTF-8"?>
<!-- Generated by org.testng.reporters.JUnitReportReporter -->
<testsuite hostname="Vaibhav" failures="0" tests="1" name="practiceSelenium.ChkBoxSelectionInTable" time="70.193" errors="0" timestamp="2025-07-19T21:51:16 IST" skipped="0">
  <testcase classname="practiceSelenium.ChkBoxSelectionInTable" name="BoxSelectionInTable" time="70.193"/>
  <system-out/>
</testsuite> <!-- practiceSelenium.ChkBoxSelectionInTable -->
