<?xml version="1.0" encoding="UTF-8"?>
<!-- Generated by org.testng.reporters.JUnitReportReporter -->
<testsuite hostname="Vaibhav" failures="0" tests="1" name="practiceSelenium.Assignment3" time="12.677" errors="0" timestamp="2025-06-27T10:53:47 IST" skipped="0">
  <testcase classname="practiceSelenium.Assignment3" name="test3" time="12.677"/>
</testsuite> <!-- practiceSelenium.Assignment3 -->
